[0.121s] DEBUG:colcon:Command line arguments: ['/usr/bin/colcon', 'build', '--symlink-install', '--packages-select', 'my_four_wheel_robot']
[0.121s] DEBUG:colcon:Parsed command line arguments: Namespace(log_base=None, log_level=None, verb_name='build', build_base='build', install_base='install', merge_install=False, symlink_install=True, test_result_base=None, continue_on_error=False, executor='parallel', parallel_workers=12, event_handlers=None, ignore_user_meta=False, metas=['./colcon.meta'], base_paths=['.'], packages_ignore=None, packages_ignore_regex=None, paths=None, packages_up_to=None, packages_up_to_regex=None, packages_above=None, packages_above_and_dependencies=None, packages_above_depth=None, packages_select_by_dep=None, packages_skip_by_dep=None, packages_skip_up_to=None, packages_select_build_failed=False, packages_skip_build_finished=False, packages_select_test_failures=False, packages_skip_test_passed=False, packages_select=['my_four_wheel_robot'], packages_skip=None, packages_select_regex=None, packages_skip_regex=None, packages_start=None, packages_end=None, cmake_args=None, cmake_target=None, cmake_target_skip_unavailable=False, cmake_clean_cache=False, cmake_clean_first=False, cmake_force_configure=False, ament_cmake_args=None, catkin_cmake_args=None, catkin_skip_building_tests=False, verb_parser=<colcon_defaults.argument_parser.defaults.DefaultArgumentsDecorator object at 0x7188fbfd00b0>, verb_extension=<colcon_core.verb.build.BuildVerb object at 0x7188fc901310>, main=<bound method BuildVerb.main of <colcon_core.verb.build.BuildVerb object at 0x7188fc901310>>)
[0.163s] Level 1:colcon.colcon_core.package_discovery:discover_packages(colcon_meta) check parameters
[0.163s] Level 1:colcon.colcon_core.package_discovery:discover_packages(recursive) check parameters
[0.164s] Level 1:colcon.colcon_core.package_discovery:discover_packages(ignore) check parameters
[0.164s] Level 1:colcon.colcon_core.package_discovery:discover_packages(path) check parameters
[0.164s] Level 1:colcon.colcon_core.package_discovery:discover_packages(colcon_meta) discover
[0.164s] Level 1:colcon.colcon_core.package_discovery:discover_packages(recursive) discover
[0.164s] INFO:colcon.colcon_core.package_discovery:Crawling recursively for packages in '/home/bao/ros2_ws'
[0.164s] Level 1:colcon.colcon_core.package_identification:_identify(.) by extensions ['ignore', 'ignore_ament_install']
[0.164s] Level 1:colcon.colcon_core.package_identification:_identify(.) by extension 'ignore'
[0.164s] Level 1:colcon.colcon_core.package_identification:_identify(.) by extension 'ignore_ament_install'
[0.164s] Level 1:colcon.colcon_core.package_identification:_identify(.) by extensions ['colcon_pkg']
[0.164s] Level 1:colcon.colcon_core.package_identification:_identify(.) by extension 'colcon_pkg'
[0.164s] Level 1:colcon.colcon_core.package_identification:_identify(.) by extensions ['colcon_meta']
[0.164s] Level 1:colcon.colcon_core.package_identification:_identify(.) by extension 'colcon_meta'
[0.164s] Level 1:colcon.colcon_core.package_identification:_identify(.) by extensions ['ros']
[0.164s] Level 1:colcon.colcon_core.package_identification:_identify(.) by extension 'ros'
[0.195s] Level 1:colcon.colcon_core.package_identification:_identify(.) by extensions ['cmake', 'python']
[0.195s] Level 1:colcon.colcon_core.package_identification:_identify(.) by extension 'cmake'
[0.195s] Level 1:colcon.colcon_core.package_identification:_identify(.) by extension 'python'
[0.195s] Level 1:colcon.colcon_core.package_identification:_identify(.) by extensions ['python_setup_py']
[0.195s] Level 1:colcon.colcon_core.package_identification:_identify(.) by extension 'python_setup_py'
[0.195s] Level 1:colcon.colcon_core.package_identification:_identify(build) by extensions ['ignore', 'ignore_ament_install']
[0.195s] Level 1:colcon.colcon_core.package_identification:_identify(build) by extension 'ignore'
[0.195s] Level 1:colcon.colcon_core.package_identification:_identify(build) ignored
[0.195s] Level 1:colcon.colcon_core.package_identification:_identify(install) by extensions ['ignore', 'ignore_ament_install']
[0.196s] Level 1:colcon.colcon_core.package_identification:_identify(install) by extension 'ignore'
[0.196s] Level 1:colcon.colcon_core.package_identification:_identify(install) ignored
[0.196s] Level 1:colcon.colcon_core.package_identification:_identify(log) by extensions ['ignore', 'ignore_ament_install']
[0.196s] Level 1:colcon.colcon_core.package_identification:_identify(log) by extension 'ignore'
[0.196s] Level 1:colcon.colcon_core.package_identification:_identify(log) ignored
[0.196s] Level 1:colcon.colcon_core.package_identification:_identify(src) by extensions ['ignore', 'ignore_ament_install']
[0.196s] Level 1:colcon.colcon_core.package_identification:_identify(src) by extension 'ignore'
[0.196s] Level 1:colcon.colcon_core.package_identification:_identify(src) by extension 'ignore_ament_install'
[0.196s] Level 1:colcon.colcon_core.package_identification:_identify(src) by extensions ['colcon_pkg']
[0.196s] Level 1:colcon.colcon_core.package_identification:_identify(src) by extension 'colcon_pkg'
[0.196s] Level 1:colcon.colcon_core.package_identification:_identify(src) by extensions ['colcon_meta']
[0.196s] Level 1:colcon.colcon_core.package_identification:_identify(src) by extension 'colcon_meta'
[0.197s] Level 1:colcon.colcon_core.package_identification:_identify(src) by extensions ['ros']
[0.197s] Level 1:colcon.colcon_core.package_identification:_identify(src) by extension 'ros'
[0.197s] Level 1:colcon.colcon_core.package_identification:_identify(src) by extensions ['cmake', 'python']
[0.197s] Level 1:colcon.colcon_core.package_identification:_identify(src) by extension 'cmake'
[0.197s] Level 1:colcon.colcon_core.package_identification:_identify(src) by extension 'python'
[0.197s] Level 1:colcon.colcon_core.package_identification:_identify(src) by extensions ['python_setup_py']
[0.197s] Level 1:colcon.colcon_core.package_identification:_identify(src) by extension 'python_setup_py'
[0.197s] Level 1:colcon.colcon_core.package_identification:_identify(src/my_four_wheel_robot) by extensions ['ignore', 'ignore_ament_install']
[0.197s] Level 1:colcon.colcon_core.package_identification:_identify(src/my_four_wheel_robot) by extension 'ignore'
[0.197s] Level 1:colcon.colcon_core.package_identification:_identify(src/my_four_wheel_robot) by extension 'ignore_ament_install'
[0.197s] Level 1:colcon.colcon_core.package_identification:_identify(src/my_four_wheel_robot) by extensions ['colcon_pkg']
[0.197s] Level 1:colcon.colcon_core.package_identification:_identify(src/my_four_wheel_robot) by extension 'colcon_pkg'
[0.197s] Level 1:colcon.colcon_core.package_identification:_identify(src/my_four_wheel_robot) by extensions ['colcon_meta']
[0.198s] Level 1:colcon.colcon_core.package_identification:_identify(src/my_four_wheel_robot) by extension 'colcon_meta'
[0.198s] Level 1:colcon.colcon_core.package_identification:_identify(src/my_four_wheel_robot) by extensions ['ros']
[0.198s] Level 1:colcon.colcon_core.package_identification:_identify(src/my_four_wheel_robot) by extension 'ros'
[0.201s] DEBUG:colcon.colcon_core.package_identification:Package 'src/my_four_wheel_robot' with type 'ros.ament_cmake' and name 'my_four_wheel_robot'
[0.201s] Level 1:colcon.colcon_core.package_discovery:discover_packages(recursive) using defaults
[0.201s] Level 1:colcon.colcon_core.package_discovery:discover_packages(ignore) discover
[0.201s] Level 1:colcon.colcon_core.package_discovery:discover_packages(ignore) using defaults
[0.201s] Level 1:colcon.colcon_core.package_discovery:discover_packages(path) discover
[0.201s] Level 1:colcon.colcon_core.package_discovery:discover_packages(path) using defaults
[0.222s] Level 5:colcon.colcon_core.verb:set package 'my_four_wheel_robot' build argument 'cmake_args' from command line to 'None'
[0.222s] Level 5:colcon.colcon_core.verb:set package 'my_four_wheel_robot' build argument 'cmake_target' from command line to 'None'
[0.222s] Level 5:colcon.colcon_core.verb:set package 'my_four_wheel_robot' build argument 'cmake_target_skip_unavailable' from command line to 'False'
[0.222s] Level 5:colcon.colcon_core.verb:set package 'my_four_wheel_robot' build argument 'cmake_clean_cache' from command line to 'False'
[0.222s] Level 5:colcon.colcon_core.verb:set package 'my_four_wheel_robot' build argument 'cmake_clean_first' from command line to 'False'
[0.222s] Level 5:colcon.colcon_core.verb:set package 'my_four_wheel_robot' build argument 'cmake_force_configure' from command line to 'False'
[0.222s] Level 5:colcon.colcon_core.verb:set package 'my_four_wheel_robot' build argument 'ament_cmake_args' from command line to 'None'
[0.222s] Level 5:colcon.colcon_core.verb:set package 'my_four_wheel_robot' build argument 'catkin_cmake_args' from command line to 'None'
[0.222s] Level 5:colcon.colcon_core.verb:set package 'my_four_wheel_robot' build argument 'catkin_skip_building_tests' from command line to 'False'
[0.222s] DEBUG:colcon.colcon_core.verb:Building package 'my_four_wheel_robot' with the following arguments: {'ament_cmake_args': None, 'build_base': '/home/bao/ros2_ws/build/my_four_wheel_robot', 'catkin_cmake_args': None, 'catkin_skip_building_tests': False, 'cmake_args': None, 'cmake_clean_cache': False, 'cmake_clean_first': False, 'cmake_force_configure': False, 'cmake_target': None, 'cmake_target_skip_unavailable': False, 'install_base': '/home/bao/ros2_ws/install/my_four_wheel_robot', 'merge_install': False, 'path': '/home/bao/ros2_ws/src/my_four_wheel_robot', 'symlink_install': True, 'test_result_base': None}
[0.223s] INFO:colcon.colcon_core.executor:Executing jobs using 'parallel' executor
[0.224s] DEBUG:colcon.colcon_parallel_executor.executor.parallel:run_until_complete
[0.224s] INFO:colcon.colcon_ros.task.ament_cmake.build:Building ROS package in '/home/bao/ros2_ws/src/my_four_wheel_robot' with build type 'ament_cmake'
[0.224s] INFO:colcon.colcon_cmake.task.cmake.build:Building CMake package in '/home/bao/ros2_ws/src/my_four_wheel_robot'
[0.227s] INFO:colcon.colcon_core.plugin_system:Skipping extension 'colcon_core.shell.bat': Not used on non-Windows systems
[0.227s] DEBUG:colcon.colcon_core.shell:Skip shell extension 'dsv' for command environment
[0.229s] WARNING:colcon.colcon_ros.prefix_path.ament:The path '/home/bao/ros2_ws/install/my_four_wheel_robot' in the environment variable AMENT_PREFIX_PATH doesn't exist
[0.229s] WARNING:colcon.colcon_ros.prefix_path.catkin:The path '/home/bao/ros2_ws/install/my_four_wheel_robot' in the environment variable CMAKE_PREFIX_PATH doesn't exist
[0.241s] DEBUG:colcon.colcon_core.event_handler.log_command:Invoking command in '/home/bao/ros2_ws/build/my_four_wheel_robot': CMAKE_PREFIX_PATH=${CMAKE_PREFIX_PATH}:/opt/ros/jazzy DEBUGINFOD_URLS=https://debuginfod.ubuntu.com /usr/bin/cmake /home/bao/ros2_ws/src/my_four_wheel_robot -DAMENT_CMAKE_SYMLINK_INSTALL=1 -DCMAKE_INSTALL_PREFIX=/home/bao/ros2_ws/install/my_four_wheel_robot
[3.429s] DEBUG:colcon.colcon_core.event_handler.log_command:Invoked command in '/home/bao/ros2_ws/build/my_four_wheel_robot' returned '0': CMAKE_PREFIX_PATH=${CMAKE_PREFIX_PATH}:/opt/ros/jazzy DEBUGINFOD_URLS=https://debuginfod.ubuntu.com /usr/bin/cmake /home/bao/ros2_ws/src/my_four_wheel_robot -DAMENT_CMAKE_SYMLINK_INSTALL=1 -DCMAKE_INSTALL_PREFIX=/home/bao/ros2_ws/install/my_four_wheel_robot
[3.430s] DEBUG:colcon.colcon_core.event_handler.log_command:Invoking command in '/home/bao/ros2_ws/build/my_four_wheel_robot': CMAKE_PREFIX_PATH=${CMAKE_PREFIX_PATH}:/opt/ros/jazzy DEBUGINFOD_URLS=https://debuginfod.ubuntu.com /usr/bin/cmake --build /home/bao/ros2_ws/build/my_four_wheel_robot -- -j12 -l12
[3.504s] DEBUG:colcon.colcon_core.event_handler.log_command:Invoked command in '/home/bao/ros2_ws/build/my_four_wheel_robot' returned '0': CMAKE_PREFIX_PATH=${CMAKE_PREFIX_PATH}:/opt/ros/jazzy DEBUGINFOD_URLS=https://debuginfod.ubuntu.com /usr/bin/cmake --build /home/bao/ros2_ws/build/my_four_wheel_robot -- -j12 -l12
[3.525s] DEBUG:colcon.colcon_core.event_handler.log_command:Invoking command in '/home/bao/ros2_ws/build/my_four_wheel_robot': CMAKE_PREFIX_PATH=${CMAKE_PREFIX_PATH}:/opt/ros/jazzy DEBUGINFOD_URLS=https://debuginfod.ubuntu.com /usr/bin/cmake --install /home/bao/ros2_ws/build/my_four_wheel_robot
[3.873s] Level 1:colcon.colcon_core.environment:create_environment_scripts_only(my_four_wheel_robot)
[3.874s] DEBUG:colcon.colcon_core.event_handler.log_command:Invoked command in '/home/bao/ros2_ws/build/my_four_wheel_robot' returned '0': CMAKE_PREFIX_PATH=${CMAKE_PREFIX_PATH}:/opt/ros/jazzy DEBUGINFOD_URLS=https://debuginfod.ubuntu.com /usr/bin/cmake --install /home/bao/ros2_ws/build/my_four_wheel_robot
[3.883s] Level 1:colcon.colcon_core.environment:checking '/home/bao/ros2_ws/install/my_four_wheel_robot' for CMake module files
[3.883s] Level 1:colcon.colcon_core.environment:checking '/home/bao/ros2_ws/install/my_four_wheel_robot' for CMake config files
[3.884s] Level 1:colcon.colcon_core.shell:create_environment_hook('my_four_wheel_robot', 'cmake_prefix_path')
[3.884s] INFO:colcon.colcon_core.shell:Creating environment descriptor '/home/bao/ros2_ws/install/my_four_wheel_robot/share/my_four_wheel_robot/hook/cmake_prefix_path.dsv'
[3.885s] INFO:colcon.colcon_core.shell:Creating environment hook '/home/bao/ros2_ws/install/my_four_wheel_robot/share/my_four_wheel_robot/hook/cmake_prefix_path.sh'
[3.886s] Level 1:colcon.colcon_core.environment:checking '/home/bao/ros2_ws/install/my_four_wheel_robot/bin'
[3.886s] Level 1:colcon.colcon_core.environment:checking '/home/bao/ros2_ws/install/my_four_wheel_robot/lib/pkgconfig/my_four_wheel_robot.pc'
[3.890s] Level 1:colcon.colcon_core.environment:checking '/home/bao/ros2_ws/install/my_four_wheel_robot/lib/python3.12/site-packages'
[3.891s] Level 1:colcon.colcon_core.environment:checking '/home/bao/ros2_ws/install/my_four_wheel_robot/bin'
[3.892s] INFO:colcon.colcon_core.shell:Creating package descriptor '/home/bao/ros2_ws/install/my_four_wheel_robot/share/my_four_wheel_robot/package.dsv'
[3.893s] INFO:colcon.colcon_core.shell:Creating package script '/home/bao/ros2_ws/install/my_four_wheel_robot/share/my_four_wheel_robot/package.sh'
[3.894s] INFO:colcon.colcon_core.shell:Creating package script '/home/bao/ros2_ws/install/my_four_wheel_robot/share/my_four_wheel_robot/package.bash'
[3.896s] INFO:colcon.colcon_core.shell:Creating package script '/home/bao/ros2_ws/install/my_four_wheel_robot/share/my_four_wheel_robot/package.zsh'
[3.897s] Level 1:colcon.colcon_core.environment:create_file_with_runtime_dependencies(/home/bao/ros2_ws/install/my_four_wheel_robot/share/colcon-core/packages/my_four_wheel_robot)
[3.898s] Level 1:colcon.colcon_core.environment:create_environment_scripts_only(my_four_wheel_robot)
[3.898s] Level 1:colcon.colcon_core.environment:checking '/home/bao/ros2_ws/install/my_four_wheel_robot' for CMake module files
[3.899s] Level 1:colcon.colcon_core.environment:checking '/home/bao/ros2_ws/install/my_four_wheel_robot' for CMake config files
[3.900s] Level 1:colcon.colcon_core.shell:create_environment_hook('my_four_wheel_robot', 'cmake_prefix_path')
[3.900s] INFO:colcon.colcon_core.shell:Creating environment descriptor '/home/bao/ros2_ws/install/my_four_wheel_robot/share/my_four_wheel_robot/hook/cmake_prefix_path.dsv'
[3.901s] INFO:colcon.colcon_core.shell:Creating environment hook '/home/bao/ros2_ws/install/my_four_wheel_robot/share/my_four_wheel_robot/hook/cmake_prefix_path.sh'
[3.902s] Level 1:colcon.colcon_core.environment:checking '/home/bao/ros2_ws/install/my_four_wheel_robot/bin'
[3.902s] Level 1:colcon.colcon_core.environment:checking '/home/bao/ros2_ws/install/my_four_wheel_robot/lib/pkgconfig/my_four_wheel_robot.pc'
[3.903s] Level 1:colcon.colcon_core.environment:checking '/home/bao/ros2_ws/install/my_four_wheel_robot/lib/python3.12/site-packages'
[3.903s] Level 1:colcon.colcon_core.environment:checking '/home/bao/ros2_ws/install/my_four_wheel_robot/bin'
[3.904s] INFO:colcon.colcon_core.shell:Creating package descriptor '/home/bao/ros2_ws/install/my_four_wheel_robot/share/my_four_wheel_robot/package.dsv'
[3.905s] INFO:colcon.colcon_core.shell:Creating package script '/home/bao/ros2_ws/install/my_four_wheel_robot/share/my_four_wheel_robot/package.sh'
[3.906s] INFO:colcon.colcon_core.shell:Creating package script '/home/bao/ros2_ws/install/my_four_wheel_robot/share/my_four_wheel_robot/package.bash'
[3.907s] INFO:colcon.colcon_core.shell:Creating package script '/home/bao/ros2_ws/install/my_four_wheel_robot/share/my_four_wheel_robot/package.zsh'
[3.908s] Level 1:colcon.colcon_core.environment:create_file_with_runtime_dependencies(/home/bao/ros2_ws/install/my_four_wheel_robot/share/colcon-core/packages/my_four_wheel_robot)
[3.909s] DEBUG:colcon.colcon_parallel_executor.executor.parallel:closing loop
[3.910s] DEBUG:colcon.colcon_parallel_executor.executor.parallel:loop closed
[3.910s] DEBUG:colcon.colcon_parallel_executor.executor.parallel:run_until_complete finished with '0'
[3.910s] DEBUG:colcon.colcon_core.event_reactor:joining thread
[3.921s] INFO:colcon.colcon_core.plugin_system:Skipping extension 'colcon_notification.desktop_notification.terminal_notifier': Not used on non-Darwin systems
[3.921s] INFO:colcon.colcon_core.plugin_system:Skipping extension 'colcon_notification.desktop_notification.win32': Not used on non-Windows systems
[3.921s] INFO:colcon.colcon_notification.desktop_notification:Sending desktop notification using 'notify2'
[3.965s] DEBUG:colcon.colcon_core.event_reactor:joined thread
[3.966s] INFO:colcon.colcon_core.shell:Creating prefix script '/home/bao/ros2_ws/install/local_setup.sh'
[3.967s] INFO:colcon.colcon_core.shell:Creating prefix util module '/home/bao/ros2_ws/install/_local_setup_util_sh.py'
[3.970s] INFO:colcon.colcon_core.shell:Creating prefix chain script '/home/bao/ros2_ws/install/setup.sh'
[3.972s] INFO:colcon.colcon_core.shell:Creating prefix script '/home/bao/ros2_ws/install/local_setup.bash'
[3.973s] INFO:colcon.colcon_core.shell:Creating prefix chain script '/home/bao/ros2_ws/install/setup.bash'
[3.975s] INFO:colcon.colcon_core.shell:Creating prefix script '/home/bao/ros2_ws/install/local_setup.zsh'
[3.976s] INFO:colcon.colcon_core.shell:Creating prefix chain script '/home/bao/ros2_ws/install/setup.zsh'
