[0.034s] Invoking command in '/home/bao/ros2_ws/build/my_four_wheel_robot': CMAKE_PREFIX_PATH=${CMAKE_PREFIX_PATH}:/opt/ros/jazzy DEBUGINFOD_URLS=https://debuginfod.ubuntu.com /usr/bin/cmake /home/bao/ros2_ws/src/my_four_wheel_robot -DAMENT_CMAKE_SYMLINK_INSTALL=1 -DCMAKE_INSTALL_PREFIX=/home/bao/ros2_ws/install/my_four_wheel_robot
[0.186s] -- The C compiler identification is GNU 13.3.0
[0.298s] -- The CXX compiler identification is GNU 13.3.0
[0.326s] -- Detecting C compiler ABI info
[0.444s] -- Detecting C compiler ABI info - done
[0.454s] -- Check for working C compiler: /usr/bin/cc - skipped
[0.454s] -- Detecting C compile features
[0.455s] -- Detecting C compile features - done
[0.469s] -- Detecting CXX compiler ABI info
[0.583s] -- Detecting CXX compiler ABI info - done
[0.597s] -- Check for working CXX compiler: /usr/bin/c++ - skipped
[0.597s] -- Detecting CXX compile features
[0.598s] -- Detecting CXX compile features - done
[0.616s] -- Found ament_cmake: 2.5.5 (/opt/ros/jazzy/share/ament_cmake/cmake)
[0.843s] -- Found Python3: /usr/bin/python3 (found version "3.12.3") found components: Interpreter 
[0.967s] -- Override CMake install command with custom implementation using symlinks instead of copying resources
[1.031s] -- Found rclcpp: 28.1.16 (/opt/ros/jazzy/share/rclcpp/cmake)
[1.095s] -- Found rosidl_generator_c: 4.6.7 (/opt/ros/jazzy/share/rosidl_generator_c/cmake)
[1.114s] -- Found rosidl_generator_cpp: 4.6.7 (/opt/ros/jazzy/share/rosidl_generator_cpp/cmake)
[1.139s] -- Using all available rosidl_typesupport_c: rosidl_typesupport_fastrtps_c;rosidl_typesupport_introspection_c
[1.161s] -- Using all available rosidl_typesupport_cpp: rosidl_typesupport_fastrtps_cpp;rosidl_typesupport_introspection_cpp
[1.256s] -- Found rmw_implementation_cmake: 7.3.3 (/opt/ros/jazzy/share/rmw_implementation_cmake/cmake)
[1.261s] -- Found rmw_fastrtps_cpp: 8.4.3 (/opt/ros/jazzy/share/rmw_fastrtps_cpp/cmake)
[1.361s] -- Found OpenSSL: /usr/lib/x86_64-linux-gnu/libcrypto.so (found version "3.0.13")  
[1.386s] -- Found FastRTPS: /opt/ros/jazzy/include (Required is at least version "2.13") 
[1.415s] -- Using RMW implementation 'rmw_fastrtps_cpp' as default
[1.529s] -- Found rviz2: 14.1.19 (/opt/ros/jazzy/share/rviz2/cmake)
[1.533s] -- Found xacro: 2.1.1 (/opt/ros/jazzy/share/xacro/cmake)
[1.537s] -- Found gz_ros2_control: 1.2.17 (/opt/ros/jazzy/share/gz_ros2_control/cmake)
[2.093s] -- Found diff_drive_controller: 4.36.0 (/opt/ros/jazzy/share/diff_drive_controller/cmake)
[2.142s] -- Found eigen3_cmake_module: 0.3.0 (/opt/ros/jazzy/share/eigen3_cmake_module/cmake)
[2.143s] -- Found Eigen3: TRUE (found version "3.4.0") 
[2.143s] -- Ensuring Eigen3 include directory is part of orocos-kdl CMake target
[2.278s] -- Found ament_lint_auto: 0.17.4 (/opt/ros/jazzy/share/ament_lint_auto/cmake)
[2.399s] -- Added test 'flake8' to check Python code syntax and style conventions
[2.399s] -- Configured 'flake8' exclude dirs and/or files: 
[2.400s] -- Added test 'lint_cmake' to check CMake code style
[2.400s] -- Added test 'pep257' to check Python code against some of the docstring style conventions in PEP 257
[2.401s] -- Added test 'xmllint' to check XML markup files
[2.403s] -- Configuring done (2.3s)
[2.410s] -- Generating done (0.0s)
[2.414s] -- Build files have been written to: /home/bao/ros2_ws/build/my_four_wheel_robot
[2.430s] Invoked command in '/home/bao/ros2_ws/build/my_four_wheel_robot' returned '0': CMAKE_PREFIX_PATH=${CMAKE_PREFIX_PATH}:/opt/ros/jazzy DEBUGINFOD_URLS=https://debuginfod.ubuntu.com /usr/bin/cmake /home/bao/ros2_ws/src/my_four_wheel_robot -DAMENT_CMAKE_SYMLINK_INSTALL=1 -DCMAKE_INSTALL_PREFIX=/home/bao/ros2_ws/install/my_four_wheel_robot
[2.432s] Invoking command in '/home/bao/ros2_ws/build/my_four_wheel_robot': CMAKE_PREFIX_PATH=${CMAKE_PREFIX_PATH}:/opt/ros/jazzy DEBUGINFOD_URLS=https://debuginfod.ubuntu.com /usr/bin/cmake --build /home/bao/ros2_ws/build/my_four_wheel_robot -- -j12 -l12
[2.474s] Invoked command in '/home/bao/ros2_ws/build/my_four_wheel_robot' returned '0': CMAKE_PREFIX_PATH=${CMAKE_PREFIX_PATH}:/opt/ros/jazzy DEBUGINFOD_URLS=https://debuginfod.ubuntu.com /usr/bin/cmake --build /home/bao/ros2_ws/build/my_four_wheel_robot -- -j12 -l12
[2.484s] Invoking command in '/home/bao/ros2_ws/build/my_four_wheel_robot': CMAKE_PREFIX_PATH=${CMAKE_PREFIX_PATH}:/opt/ros/jazzy DEBUGINFOD_URLS=https://debuginfod.ubuntu.com /usr/bin/cmake --install /home/bao/ros2_ws/build/my_four_wheel_robot
[2.492s] -- Install configuration: ""
[2.492s] -- Execute custom install script
[2.492s] -- Symlinking: /home/bao/ros2_ws/install/my_four_wheel_robot/share/my_four_wheel_robot//launch/my_robot_launch.py
[2.501s] -- Symlinking: /home/bao/ros2_ws/install/my_four_wheel_robot/share/my_four_wheel_robot//config/my_controller.yaml
[2.510s] -- Symlinking: /home/bao/ros2_ws/install/my_four_wheel_robot/share/my_four_wheel_robot//urdf/my_robot.urdf.xacro
[2.520s] -- Symlinking: /home/bao/ros2_ws/install/my_four_wheel_robot/share/ament_index/resource_index/package_run_dependencies/my_four_wheel_robot
[2.530s] -- Symlinking: /home/bao/ros2_ws/install/my_four_wheel_robot/share/ament_index/resource_index/parent_prefix_path/my_four_wheel_robot
[2.539s] -- Symlinking: /home/bao/ros2_ws/install/my_four_wheel_robot/share/my_four_wheel_robot/environment/ament_prefix_path.sh
[2.547s] -- Symlinking: /home/bao/ros2_ws/install/my_four_wheel_robot/share/my_four_wheel_robot/environment/ament_prefix_path.dsv
[2.557s] -- Symlinking: /home/bao/ros2_ws/install/my_four_wheel_robot/share/my_four_wheel_robot/environment/path.sh
[2.565s] -- Symlinking: /home/bao/ros2_ws/install/my_four_wheel_robot/share/my_four_wheel_robot/environment/path.dsv
[2.574s] -- Symlinking: /home/bao/ros2_ws/install/my_four_wheel_robot/share/my_four_wheel_robot/local_setup.bash
[2.583s] -- Symlinking: /home/bao/ros2_ws/install/my_four_wheel_robot/share/my_four_wheel_robot/local_setup.sh
[2.592s] -- Symlinking: /home/bao/ros2_ws/install/my_four_wheel_robot/share/my_four_wheel_robot/local_setup.zsh
[2.601s] -- Symlinking: /home/bao/ros2_ws/install/my_four_wheel_robot/share/my_four_wheel_robot/local_setup.dsv
[2.610s] -- Symlinking: /home/bao/ros2_ws/install/my_four_wheel_robot/share/my_four_wheel_robot/package.dsv
[2.621s] -- Symlinking: /home/bao/ros2_ws/install/my_four_wheel_robot/share/ament_index/resource_index/packages/my_four_wheel_robot
[2.630s] -- Symlinking: /home/bao/ros2_ws/install/my_four_wheel_robot/share/my_four_wheel_robot/cmake/my_four_wheel_robotConfig.cmake
[2.639s] -- Symlinking: /home/bao/ros2_ws/install/my_four_wheel_robot/share/my_four_wheel_robot/cmake/my_four_wheel_robotConfig-version.cmake
[2.649s] -- Symlinking: /home/bao/ros2_ws/install/my_four_wheel_robot/share/my_four_wheel_robot/package.xml
[2.660s] Invoked command in '/home/bao/ros2_ws/build/my_four_wheel_robot' returned '0': CMAKE_PREFIX_PATH=${CMAKE_PREFIX_PATH}:/opt/ros/jazzy DEBUGINFOD_URLS=https://debuginfod.ubuntu.com /usr/bin/cmake --install /home/bao/ros2_ws/build/my_four_wheel_robot
