-- The C compiler identification is GNU 13.3.0
-- The CXX compiler identification is GNU 13.3.0
-- Detecting C compiler ABI info
-- Detecting C compiler ABI info - done
-- Check for working C compiler: /usr/bin/cc - skipped
-- Detecting C compile features
-- Detecting C compile features - done
-- Detecting CXX compiler ABI info
-- Detecting CXX compiler ABI info - done
-- Check for working CXX compiler: /usr/bin/c++ - skipped
-- Detecting CXX compile features
-- Detecting CXX compile features - done
-- Found ament_cmake: 2.5.5 (/opt/ros/jazzy/share/ament_cmake/cmake)
-- Found Python3: /usr/bin/python3 (found version "3.12.3") found components: Interpreter 
-- Override CMake install command with custom implementation using symlinks instead of copying resources
-- Found rclcpp: 28.1.16 (/opt/ros/jazzy/share/rclcpp/cmake)
-- Found rosidl_generator_c: 4.6.7 (/opt/ros/jazzy/share/rosidl_generator_c/cmake)
-- Found rosidl_generator_cpp: 4.6.7 (/opt/ros/jazzy/share/rosidl_generator_cpp/cmake)
-- Using all available rosidl_typesupport_c: rosidl_typesupport_fastrtps_c;rosidl_typesupport_introspection_c
-- Using all available rosidl_typesupport_cpp: rosidl_typesupport_fastrtps_cpp;rosidl_typesupport_introspection_cpp
-- Found rmw_implementation_cmake: 7.3.3 (/opt/ros/jazzy/share/rmw_implementation_cmake/cmake)
-- Found rmw_fastrtps_cpp: 8.4.3 (/opt/ros/jazzy/share/rmw_fastrtps_cpp/cmake)
-- Found OpenSSL: /usr/lib/x86_64-linux-gnu/libcrypto.so (found version "3.0.13")  
-- Found FastRTPS: /opt/ros/jazzy/include (Required is at least version "2.13") 
-- Using RMW implementation 'rmw_fastrtps_cpp' as default
-- Found rviz2: 14.1.19 (/opt/ros/jazzy/share/rviz2/cmake)
-- Found xacro: 2.1.1 (/opt/ros/jazzy/share/xacro/cmake)
-- Found gz_ros2_control: 1.2.17 (/opt/ros/jazzy/share/gz_ros2_control/cmake)
-- Found diff_drive_controller: 4.36.0 (/opt/ros/jazzy/share/diff_drive_controller/cmake)
-- Found eigen3_cmake_module: 0.3.0 (/opt/ros/jazzy/share/eigen3_cmake_module/cmake)
-- Found Eigen3: TRUE (found version "3.4.0") 
-- Ensuring Eigen3 include directory is part of orocos-kdl CMake target
-- Found ament_lint_auto: 0.17.4 (/opt/ros/jazzy/share/ament_lint_auto/cmake)
-- Added test 'flake8' to check Python code syntax and style conventions
-- Configured 'flake8' exclude dirs and/or files: 
-- Added test 'lint_cmake' to check CMake code style
-- Added test 'pep257' to check Python code against some of the docstring style conventions in PEP 257
-- Added test 'xmllint' to check XML markup files
-- Configuring done (3.1s)
-- Generating done (0.0s)
-- Build files have been written to: /home/bao/ros2_ws/build/my_four_wheel_robot
-- Install configuration: ""
-- Execute custom install script
-- Symlinking: /home/bao/ros2_ws/install/my_four_wheel_robot/share/my_four_wheel_robot//launch/my_robot_launch.py
-- Symlinking: /home/bao/ros2_ws/install/my_four_wheel_robot/share/my_four_wheel_robot//config/my_controller.yaml
-- Symlinking: /home/bao/ros2_ws/install/my_four_wheel_robot/share/my_four_wheel_robot//urdf/my_robot.urdf.xacro
-- Symlinking: /home/bao/ros2_ws/install/my_four_wheel_robot/share/ament_index/resource_index/package_run_dependencies/my_four_wheel_robot
-- Symlinking: /home/bao/ros2_ws/install/my_four_wheel_robot/share/ament_index/resource_index/parent_prefix_path/my_four_wheel_robot
-- Symlinking: /home/bao/ros2_ws/install/my_four_wheel_robot/share/my_four_wheel_robot/environment/ament_prefix_path.sh
-- Symlinking: /home/bao/ros2_ws/install/my_four_wheel_robot/share/my_four_wheel_robot/environment/ament_prefix_path.dsv
-- Symlinking: /home/bao/ros2_ws/install/my_four_wheel_robot/share/my_four_wheel_robot/environment/path.sh
-- Symlinking: /home/bao/ros2_ws/install/my_four_wheel_robot/share/my_four_wheel_robot/environment/path.dsv
-- Symlinking: /home/bao/ros2_ws/install/my_four_wheel_robot/share/my_four_wheel_robot/local_setup.bash
-- Symlinking: /home/bao/ros2_ws/install/my_four_wheel_robot/share/my_four_wheel_robot/local_setup.sh
-- Symlinking: /home/bao/ros2_ws/install/my_four_wheel_robot/share/my_four_wheel_robot/local_setup.zsh
-- Symlinking: /home/bao/ros2_ws/install/my_four_wheel_robot/share/my_four_wheel_robot/local_setup.dsv
-- Symlinking: /home/bao/ros2_ws/install/my_four_wheel_robot/share/my_four_wheel_robot/package.dsv
-- Symlinking: /home/bao/ros2_ws/install/my_four_wheel_robot/share/ament_index/resource_index/packages/my_four_wheel_robot
-- Symlinking: /home/bao/ros2_ws/install/my_four_wheel_robot/share/my_four_wheel_robot/cmake/my_four_wheel_robotConfig.cmake
-- Symlinking: /home/bao/ros2_ws/install/my_four_wheel_robot/share/my_four_wheel_robot/cmake/my_four_wheel_robotConfig-version.cmake
-- Symlinking: /home/bao/ros2_ws/install/my_four_wheel_robot/share/my_four_wheel_robot/package.xml
